0 verbose cli [
0 verbose cli   '/home/ec2-user/.nvm/versions/node/v16.14.0/bin/node',
0 verbose cli   '/home/ec2-user/.nvm/versions/node/v16.14.0/bin/npm',
0 verbose cli   'config',
0 verbose cli   'set',
0 verbose cli   'strict-ssl',
0 verbose cli   'true'
0 verbose cli ]
1 info using npm@8.3.1
2 info using node@v16.14.0
3 timing npm:load:whichnode Completed in 0ms
4 timing config:load:defaults Completed in 1ms
5 timing config:load:file:/home/ec2-user/.nvm/versions/node/v16.14.0/lib/node_modules/npm/npmrc Completed in 0ms
6 timing config:load:builtin Completed in 0ms
7 timing config:load:cli Completed in 2ms
8 timing config:load:env Completed in 0ms
9 timing config:load:project Completed in 12ms
10 timing config:load:file:/home/ec2-user/.npmrc Completed in 0ms
11 timing config:load:user Completed in 1ms
12 timing config:load:file:/home/ec2-user/.nvm/versions/node/v16.14.0/etc/npmrc Completed in 0ms
13 timing config:load:global Completed in 0ms
14 timing config:load:validate Completed in 0ms
15 timing config:load:credentials Completed in 2ms
16 timing config:load:setEnvs Completed in 0ms
17 timing config:load Completed in 19ms
18 timing npm:load:configload Completed in 19ms
19 timing npm:load:setTitle Completed in 0ms
20 timing config:load:flatten Completed in 2ms
21 timing npm:load:display Completed in 3ms
22 verbose logfile /home/ec2-user/.npm/_logs/2022-02-25T10_25_37_887Z-debug-0.log
23 timing npm:load:logFile Completed in 3ms
24 timing npm:load:timers Completed in 0ms
25 timing npm:load:configScope Completed in 0ms
26 timing npm:load Completed in 26ms
27 info config set "strict-ssl" "true"
28 timing config:load:flatten Completed in 0ms
29 timing command:config Completed in 3ms
30 verbose exit 0
31 timing npm Completed in 134ms
32 info ok
