0 verbose cli [
0 verbose cli   '/home/ec2-user/.nvm/versions/node/v16.14.0/bin/node',
0 verbose cli   '/home/ec2-user/.nvm/versions/node/v16.14.0/bin/npm',
0 verbose cli   'install',
0 verbose cli   '--global',
0 verbose cli   'cdk'
0 verbose cli ]
1 info using npm@8.3.1
2 info using node@v16.14.0
3 timing npm:load:whichnode Completed in 0ms
4 timing config:load:defaults Completed in 2ms
5 timing config:load:file:/home/ec2-user/.nvm/versions/node/v16.14.0/lib/node_modules/npm/npmrc Completed in 0ms
6 timing config:load:builtin Completed in 1ms
7 timing config:load:cli Completed in 1ms
8 timing config:load:env Completed in 1ms
9 timing config:load:project Completed in 10ms
10 timing config:load:file:/home/ec2-user/.npmrc Completed in 5ms
11 timing config:load:user Completed in 5ms
12 timing config:load:file:/home/ec2-user/.nvm/versions/node/v16.14.0/etc/npmrc Completed in 0ms
13 timing config:load:global Completed in 0ms
14 timing config:load:validate Completed in 0ms
15 timing config:load:credentials Completed in 1ms
16 timing config:load:setEnvs Completed in 1ms
17 timing config:load Completed in 22ms
18 timing npm:load:configload Completed in 22ms
19 timing npm:load:setTitle Completed in 0ms
20 timing config:load:flatten Completed in 2ms
21 timing npm:load:display Completed in 3ms
22 verbose logfile /home/ec2-user/.npm/_logs/2022-02-25T10_28_49_323Z-debug-0.log
23 timing npm:load:logFile Completed in 4ms
24 timing npm:load:timers Completed in 0ms
25 timing npm:load:configScope Completed in 0ms
26 timing npm:load Completed in 29ms
27 timing arborist:ctor Completed in 0ms
28 timing idealTree:init Completed in 4ms
29 timing idealTree:userRequests Completed in 1ms
30 silly idealTree buildDeps
31 silly fetch manifest cdk@*
32 http fetch GET 200 https://registry.npmjs.org/cdk 89ms (cache miss)
33 silly placeDep ROOT cdk@2.14.0 OK for:  want: *
34 silly fetch manifest aws-cdk@2.14.0
35 http fetch GET 200 https://registry.npmjs.org/aws-cdk 35ms (cache miss)
36 timing idealTree:#root Completed in 139ms
37 silly placeDep node_modules/cdk aws-cdk@2.14.0 OK for: cdk@2.14.0 want: 2.14.0
38 silly fetch manifest fsevents@2.3.2
39 http fetch GET 200 https://registry.npmjs.org/fsevents 24ms (cache miss)
40 timing idealTree:node_modules/cdk Completed in 28ms
41 silly placeDep node_modules/cdk fsevents@2.3.2 OK for: aws-cdk@2.14.0 want: 2.3.2
42 timing idealTree:node_modules/cdk/node_modules/aws-cdk Completed in 2ms
43 timing idealTree:node_modules/cdk/node_modules/fsevents Completed in 0ms
44 timing idealTree:buildDeps Completed in 170ms
45 timing idealTree:fixDepFlags Completed in 1ms
46 timing idealTree Completed in 177ms
47 timing reify:loadTrees Completed in 179ms
48 timing reify:diffTrees Completed in 1ms
49 silly reify moves {}
50 timing reify:retireShallow Completed in 0ms
51 timing reify:createSparse Completed in 1ms
52 timing reify:loadBundles Completed in 0ms
53 silly audit bulk request { cdk: [ '2.14.0' ], 'aws-cdk': [ '2.14.0' ], fsevents: [ '2.3.2' ] }
54 verbose reify failed optional dependency /home/ec2-user/.nvm/versions/node/v16.14.0/lib/node_modules/cdk/node_modules/fsevents
55 silly reify mark deleted [
55 silly reify   '/home/ec2-user/.nvm/versions/node/v16.14.0/lib/node_modules/cdk/node_modules/fsevents'
55 silly reify ]
56 timing reifyNode:node_modules/cdk/node_modules/fsevents Completed in 3ms
57 silly tarball no local data for cdk@https://registry.npmjs.org/cdk/-/cdk-2.14.0.tgz. Extracting by manifest.
58 silly tarball no local data for aws-cdk@https://registry.npmjs.org/aws-cdk/-/aws-cdk-2.14.0.tgz. Extracting by manifest.
59 http fetch POST 200 https://registry.npmjs.org/-/npm/v1/security/advisories/bulk 48ms
60 timing auditReport:getReport Completed in 50ms
61 silly audit report {}
62 timing auditReport:init Completed in 0ms
63 timing reify:audit Completed in 50ms
64 http fetch GET 200 https://registry.npmjs.org/cdk/-/cdk-2.14.0.tgz 80ms (cache miss)
65 timing reifyNode:node_modules/cdk Completed in 88ms
66 http fetch GET 200 https://registry.npmjs.org/aws-cdk/-/aws-cdk-2.14.0.tgz 746ms (cache miss)
67 timing reifyNode:node_modules/cdk/node_modules/aws-cdk Completed in 757ms
68 timing reify:unpack Completed in 758ms
69 timing reify:unretire Completed in 0ms
70 timing build:queue Completed in 1ms
71 timing build:link:node_modules/cdk Completed in 1ms
72 timing build:link:node_modules/cdk/node_modules/aws-cdk Completed in 2ms
73 timing build:link Completed in 2ms
74 timing build:deps Completed in 3ms
75 timing build Completed in 3ms
76 timing reify:build Completed in 4ms
77 timing reify:trash Completed in 0ms
78 timing reify Completed in 950ms
79 silly ADD node_modules/cdk
80 silly ADD
81 silly ADD node_modules/cdk/node_modules/aws-cdk
82 timing command:install Completed in 954ms
83 verbose exit 0
84 timing npm Completed in 1149ms
85 info ok
