0 verbose cli [
0 verbose cli   '/home/ec2-user/.nvm/versions/node/v16.14.0/bin/node',
0 verbose cli   '/home/ec2-user/.nvm/versions/node/v16.14.0/bin/npm',
0 verbose cli   'install',
0 verbose cli   '--prefix',
0 verbose cli   '/home/ec2-user/.c9/lib/server'
0 verbose cli ]
1 info using npm@8.3.1
2 info using node@v16.14.0
3 timing npm:load:whichnode Completed in 0ms
4 timing config:load:defaults Completed in 1ms
5 timing config:load:file:/home/ec2-user/.nvm/versions/node/v16.14.0/lib/node_modules/npm/npmrc Completed in 1ms
6 timing config:load:builtin Completed in 1ms
7 timing config:load:cli Completed in 2ms
8 timing config:load:env Completed in 0ms
9 timing config:load:file:/home/ec2-user/.c9/lib/server/.npmrc Completed in 10ms
10 timing config:load:project Completed in 11ms
11 timing config:load:file:/home/ec2-user/.npmrc Completed in 2ms
12 timing config:load:user Completed in 2ms
13 timing config:load:file:/home/ec2-user/.c9/lib/server/etc/npmrc Completed in 2ms
14 timing config:load:global Completed in 2ms
15 timing config:load:validate Completed in 0ms
16 timing config:load:credentials Completed in 1ms
17 timing config:load:setEnvs Completed in 0ms
18 timing config:load Completed in 21ms
19 timing npm:load:configload Completed in 21ms
20 timing npm:load:setTitle Completed in 0ms
21 timing config:load:flatten Completed in 2ms
22 timing npm:load:display Completed in 3ms
23 verbose logfile /home/ec2-user/.npm/_logs/2022-02-25T10_25_35_575Z-debug-0.log
24 timing npm:load:logFile Completed in 3ms
25 timing npm:load:timers Completed in 0ms
26 timing npm:load:configScope Completed in 0ms
27 timing npm:load Completed in 27ms
28 timing arborist:ctor Completed in 1ms
29 timing arborist:ctor Completed in 0ms
30 timing idealTree:init Completed in 21ms
31 timing idealTree:userRequests Completed in 0ms
32 silly idealTree buildDeps
33 silly fetch manifest amd-loader@0.0.8
34 http fetch GET 200 https://registry.npmjs.org/amd-loader 81ms (cache miss)
35 silly fetch manifest async@3.1.1
36 http fetch GET 200 https://registry.npmjs.org/async 34ms (cache miss)
37 silly fetch manifest aws-sdk@2.610.0
38 http fetch GET 200 https://registry.npmjs.org/aws-sdk 64ms (cache miss)
39 silly fetch manifest commander@4.1.0
40 http fetch GET 200 https://registry.npmjs.org/commander 31ms (cache miss)
41 silly fetch manifest http-error@0.0.6
42 http fetch GET 200 https://registry.npmjs.org/http-error 27ms (cache miss)
43 silly fetch manifest js-yaml@3.13.1
44 http fetch GET 200 https://registry.npmjs.org/js-yaml 27ms (cache miss)
45 silly fetch manifest mkdirp@0.5.1
46 http fetch GET 200 https://registry.npmjs.org/mkdirp 26ms (cache miss)
47 silly fetch manifest uuid@3.4.0
48 http fetch GET 200 https://registry.npmjs.org/uuid 28ms (cache miss)
49 silly placeDep ROOT amd-loader@0.0.8 OK for: server@1.0.0 want: 0.0.8
50 silly placeDep ROOT async@3.1.1 OK for: server@1.0.0 want: 3.1.1
51 silly placeDep ROOT aws-sdk@2.610.0 OK for: server@1.0.0 want: 2.610.0
52 silly placeDep ROOT commander@4.1.0 OK for: server@1.0.0 want: 4.1.0
53 silly placeDep ROOT http-error@0.0.6 OK for: server@1.0.0 want: 0.0.6
54 silly placeDep ROOT js-yaml@3.13.1 OK for: server@1.0.0 want: 3.13.1
55 silly placeDep ROOT mkdirp@0.5.1 OK for: server@1.0.0 want: 0.5.1
56 silly placeDep ROOT uuid@3.4.0 OK for: server@1.0.0 want: 3.4.0
57 silly fetch manifest buffer@4.9.1
58 silly fetch manifest events@1.1.1
59 silly fetch manifest ieee754@1.1.13
60 silly fetch manifest jmespath@0.15.0
61 silly fetch manifest querystring@0.2.0
62 silly fetch manifest sax@1.2.1
63 silly fetch manifest url@0.10.3
64 silly fetch manifest uuid@3.3.2
65 silly fetch manifest xml2js@0.4.19
66 silly fetch manifest argparse@^1.0.7
67 silly fetch manifest esprima@^4.0.0
68 silly fetch manifest minimist@0.0.8
69 http fetch GET 200 https://registry.npmjs.org/buffer 34ms (cache miss)
70 http fetch GET 200 https://registry.npmjs.org/xml2js 81ms (cache miss)
71 http fetch GET 200 https://registry.npmjs.org/minimist 81ms (cache miss)
72 http fetch GET 200 https://registry.npmjs.org/url 86ms (cache miss)
73 http fetch GET 200 https://registry.npmjs.org/events 89ms (cache miss)
74 http fetch GET 200 https://registry.npmjs.org/esprima 86ms (cache miss)
75 http fetch GET 200 https://registry.npmjs.org/querystring 89ms (cache miss)
76 http fetch GET 200 https://registry.npmjs.org/sax 92ms (cache miss)
77 http fetch GET 200 https://registry.npmjs.org/argparse 94ms (cache miss)
78 http fetch GET 200 https://registry.npmjs.org/jmespath 105ms (cache miss)
79 http fetch GET 200 https://registry.npmjs.org/ieee754 112ms (cache miss)
80 timing idealTree:#root Completed in 468ms
81 timing idealTree:node_modules/amd-loader Completed in 0ms
82 timing idealTree:node_modules/async Completed in 0ms
83 silly placeDep ROOT buffer@4.9.1 OK for: aws-sdk@2.610.0 want: 4.9.1
84 silly placeDep ROOT events@1.1.1 OK for: aws-sdk@2.610.0 want: 1.1.1
85 silly placeDep ROOT ieee754@1.1.13 OK for: aws-sdk@2.610.0 want: 1.1.13
86 silly placeDep ROOT jmespath@0.15.0 OK for: aws-sdk@2.610.0 want: 0.15.0
87 silly placeDep ROOT querystring@0.2.0 OK for: aws-sdk@2.610.0 want: 0.2.0
88 silly placeDep ROOT sax@1.2.1 OK for: aws-sdk@2.610.0 want: 1.2.1
89 silly placeDep ROOT url@0.10.3 OK for: aws-sdk@2.610.0 want: 0.10.3
90 silly placeDep node_modules/aws-sdk uuid@3.3.2 OK for: aws-sdk@2.610.0 want: 3.3.2
91 silly placeDep ROOT xml2js@0.4.19 OK for: aws-sdk@2.610.0 want: 0.4.19
92 silly fetch manifest base64-js@^1.0.2
93 silly fetch manifest isarray@^1.0.0
94 silly fetch manifest punycode@1.3.2
95 silly fetch manifest xmlbuilder@~9.0.1
96 http fetch GET 200 https://registry.npmjs.org/isarray 34ms (cache miss)
97 http fetch GET 200 https://registry.npmjs.org/punycode 43ms (cache miss)
98 http fetch GET 200 https://registry.npmjs.org/base64-js 48ms (cache miss)
99 http fetch GET 200 https://registry.npmjs.org/xmlbuilder 47ms (cache miss)
100 timing idealTree:node_modules/aws-sdk Completed in 68ms
101 silly placeDep ROOT base64-js@1.5.1 OK for: buffer@4.9.1 want: ^1.0.2
102 silly placeDep ROOT isarray@1.0.0 OK for: buffer@4.9.1 want: ^1.0.0
103 timing idealTree:node_modules/buffer Completed in 2ms
104 timing idealTree:node_modules/base64-js Completed in 0ms
105 timing idealTree:node_modules/commander Completed in 0ms
106 timing idealTree:node_modules/events Completed in 0ms
107 timing idealTree:node_modules/http-error Completed in 0ms
108 timing idealTree:node_modules/ieee754 Completed in 0ms
109 timing idealTree:node_modules/isarray Completed in 0ms
110 timing idealTree:node_modules/jmespath Completed in 0ms
111 silly placeDep ROOT argparse@1.0.10 OK for: js-yaml@3.13.1 want: ^1.0.7
112 silly placeDep ROOT esprima@4.0.1 OK for: js-yaml@3.13.1 want: ^4.0.0
113 silly fetch manifest sprintf-js@~1.0.2
114 http fetch GET 200 https://registry.npmjs.org/sprintf-js 29ms (cache miss)
115 timing idealTree:node_modules/js-yaml Completed in 33ms
116 silly placeDep ROOT sprintf-js@1.0.3 OK for: argparse@1.0.10 want: ~1.0.2
117 timing idealTree:node_modules/argparse Completed in 2ms
118 timing idealTree:node_modules/esprima Completed in 0ms
119 silly placeDep ROOT minimist@0.0.8 OK for: mkdirp@0.5.1 want: 0.0.8
120 timing idealTree:node_modules/mkdirp Completed in 1ms
121 timing idealTree:node_modules/minimist Completed in 0ms
122 timing idealTree:node_modules/querystring Completed in 0ms
123 timing idealTree:node_modules/sax Completed in 0ms
124 timing idealTree:node_modules/sprintf-js Completed in 0ms
125 silly placeDep ROOT punycode@1.3.2 OK for: url@0.10.3 want: 1.3.2
126 timing idealTree:node_modules/url Completed in 1ms
127 timing idealTree:node_modules/punycode Completed in 0ms
128 timing idealTree:node_modules/uuid Completed in 0ms
129 silly placeDep ROOT xmlbuilder@9.0.7 OK for: xml2js@0.4.19 want: ~9.0.1
130 timing idealTree:node_modules/xml2js Completed in 2ms
131 timing idealTree:node_modules/xmlbuilder Completed in 0ms
132 timing idealTree:node_modules/aws-sdk/node_modules/uuid Completed in 0ms
133 timing idealTree:buildDeps Completed in 581ms
134 timing idealTree:fixDepFlags Completed in 1ms
135 timing idealTree Completed in 603ms
136 timing reify:loadTrees Completed in 604ms
137 timing reify:diffTrees Completed in 1ms
138 silly reify moves {}
139 timing reify:retireShallow Completed in 0ms
140 timing reify:createSparse Completed in 4ms
141 timing reify:loadBundles Completed in 0ms
142 silly audit bulk request {
142 silly audit   server: [ '1.0.0' ],
142 silly audit   'amd-loader': [ '0.0.8' ],
142 silly audit   async: [ '3.1.1' ],
142 silly audit   'aws-sdk': [ '2.610.0' ],
142 silly audit   commander: [ '4.1.0' ],
142 silly audit   'http-error': [ '0.0.6' ],
142 silly audit   'js-yaml': [ '3.13.1' ],
142 silly audit   mkdirp: [ '0.5.1' ],
142 silly audit   uuid: [ '3.4.0', '3.3.2' ],
142 silly audit   buffer: [ '4.9.1' ],
142 silly audit   events: [ '1.1.1' ],
142 silly audit   ieee754: [ '1.1.13' ],
142 silly audit   jmespath: [ '0.15.0' ],
142 silly audit   querystring: [ '0.2.0' ],
142 silly audit   sax: [ '1.2.1' ],
142 silly audit   url: [ '0.10.3' ],
142 silly audit   xml2js: [ '0.4.19' ],
142 silly audit   'base64-js': [ '1.5.1' ],
142 silly audit   isarray: [ '1.0.0' ],
142 silly audit   argparse: [ '1.0.10' ],
142 silly audit   esprima: [ '4.0.1' ],
142 silly audit   'sprintf-js': [ '1.0.3' ],
142 silly audit   minimist: [ '0.0.8' ],
142 silly audit   punycode: [ '1.3.2' ],
142 silly audit   xmlbuilder: [ '9.0.7' ]
142 silly audit }
143 silly tarball no local data for xmlbuilder@https://registry.npmjs.org/xmlbuilder/-/xmlbuilder-9.0.7.tgz. Extracting by manifest.
144 silly tarball no local data for punycode@https://registry.npmjs.org/punycode/-/punycode-1.3.2.tgz. Extracting by manifest.
145 silly tarball no local data for minimist@https://registry.npmjs.org/minimist/-/minimist-0.0.8.tgz. Extracting by manifest.
146 silly tarball no local data for sprintf-js@https://registry.npmjs.org/sprintf-js/-/sprintf-js-1.0.3.tgz. Extracting by manifest.
147 silly tarball no local data for esprima@https://registry.npmjs.org/esprima/-/esprima-4.0.1.tgz. Extracting by manifest.
148 silly tarball no local data for argparse@https://registry.npmjs.org/argparse/-/argparse-1.0.10.tgz. Extracting by manifest.
149 silly tarball no local data for isarray@https://registry.npmjs.org/isarray/-/isarray-1.0.0.tgz. Extracting by manifest.
150 silly tarball no local data for base64-js@https://registry.npmjs.org/base64-js/-/base64-js-1.5.1.tgz. Extracting by manifest.
151 silly tarball no local data for xml2js@https://registry.npmjs.org/xml2js/-/xml2js-0.4.19.tgz. Extracting by manifest.
152 silly tarball no local data for url@https://registry.npmjs.org/url/-/url-0.10.3.tgz. Extracting by manifest.
153 silly tarball no local data for sax@https://registry.npmjs.org/sax/-/sax-1.2.1.tgz. Extracting by manifest.
154 silly tarball no local data for querystring@https://registry.npmjs.org/querystring/-/querystring-0.2.0.tgz. Extracting by manifest.
155 silly tarball no local data for jmespath@https://registry.npmjs.org/jmespath/-/jmespath-0.15.0.tgz. Extracting by manifest.
156 silly tarball no local data for ieee754@https://registry.npmjs.org/ieee754/-/ieee754-1.1.13.tgz. Extracting by manifest.
157 silly tarball no local data for events@https://registry.npmjs.org/events/-/events-1.1.1.tgz. Extracting by manifest.
158 silly tarball no local data for buffer@https://registry.npmjs.org/buffer/-/buffer-4.9.1.tgz. Extracting by manifest.
159 silly tarball no local data for uuid@https://registry.npmjs.org/uuid/-/uuid-3.4.0.tgz. Extracting by manifest.
160 silly tarball no local data for mkdirp@https://registry.npmjs.org/mkdirp/-/mkdirp-0.5.1.tgz. Extracting by manifest.
161 silly tarball no local data for js-yaml@https://registry.npmjs.org/js-yaml/-/js-yaml-3.13.1.tgz. Extracting by manifest.
162 silly tarball no local data for http-error@https://registry.npmjs.org/http-error/-/http-error-0.0.6.tgz. Extracting by manifest.
163 silly tarball no local data for commander@https://registry.npmjs.org/commander/-/commander-4.1.0.tgz. Extracting by manifest.
164 silly tarball no local data for aws-sdk@https://registry.npmjs.org/aws-sdk/-/aws-sdk-2.610.0.tgz. Extracting by manifest.
165 silly tarball no local data for uuid@https://registry.npmjs.org/uuid/-/uuid-3.3.2.tgz. Extracting by manifest.
166 silly tarball no local data for async@https://registry.npmjs.org/async/-/async-3.1.1.tgz. Extracting by manifest.
167 silly tarball no local data for amd-loader@https://registry.npmjs.org/amd-loader/-/amd-loader-0.0.8.tgz. Extracting by manifest.
168 http fetch POST 200 https://registry.npmjs.org/-/npm/v1/security/advisories/bulk 161ms
169 timing auditReport:getReport Completed in 163ms
170 silly audit report {
170 silly audit report   'aws-sdk': [
170 silly audit report     {
170 silly audit report       id: 1005356,
170 silly audit report       url: 'https://github.com/advisories/GHSA-rrc9-gqf8-8rwg',
170 silly audit report       title: 'Prototype Pollution via file load in aws-sdk and @aws-sdk/shared-ini-file-loader',
170 silly audit report       severity: 'high',
170 silly audit report       vulnerable_versions: '<2.814.0'
170 silly audit report     }
170 silly audit report   ],
170 silly audit report   minimist: [
170 silly audit report     {
170 silly audit report       id: 1006180,
170 silly audit report       url: 'https://github.com/advisories/GHSA-vh95-rmgr-6w4m',
170 silly audit report       title: 'Prototype Pollution in minimist',
170 silly audit report       severity: 'moderate',
170 silly audit report       vulnerable_versions: '<0.2.1'
170 silly audit report     }
170 silly audit report   ]
170 silly audit report }
171 timing metavuln:packument:aws-sdk Completed in 1ms
172 timing metavuln:packument:minimist Completed in 0ms
173 timing metavuln:cache:get:security-advisory:aws-sdk:Rjll+vGJuo9ddoMeDPv4FijFUR+QIsB+ms452EJAsQ5I7A8KICkxc3NvGmowxCVR0HeaKzoYBRmfBpzz0Eahsg== Completed in 6ms
174 timing metavuln:load:security-advisory:aws-sdk:1005356 Completed in 56ms
175 timing metavuln:cache:get:security-advisory:minimist:OEyk29Vl0DZNVJ8kyTCTMAZcObN2QmV+lAIdXAtmN7Cu4huA1bHrMOcMmkSlrEFof3NBw6fKARGrIp+1p6NuFw== Completed in 63ms
176 timing metavuln:load:security-advisory:minimist:1006180 Completed in 1ms
177 timing metavuln:cache:put:security-advisory:minimist:OEyk29Vl0DZNVJ8kyTCTMAZcObN2QmV+lAIdXAtmN7Cu4huA1bHrMOcMmkSlrEFof3NBw6fKARGrIp+1p6NuFw== Completed in 184ms
178 timing metavuln:calculate:security-advisory:minimist:1006180 Completed in 249ms
179 timing metavuln:cache:put:security-advisory:aws-sdk:Rjll+vGJuo9ddoMeDPv4FijFUR+QIsB+ms452EJAsQ5I7A8KICkxc3NvGmowxCVR0HeaKzoYBRmfBpzz0Eahsg== Completed in 197ms
180 timing metavuln:calculate:security-advisory:aws-sdk:1005356 Completed in 259ms
181 timing metavuln:packument:mkdirp Completed in 0ms
182 timing metavuln:cache:get:security-advisory:mkdirp:Lc2BaMhbFQyQfOoA2wNrolT9cpv9waMBWc7wYt7I8fe6xepmt3do8ztXGNS+v7CPZuEXs4ntpExbgEswFDlkSg== Completed in 12ms
183 timing metavuln:load:security-advisory:mkdirp:OEyk29Vl0DZNVJ8kyTCTMAZcObN2QmV+lAIdXAtmN7Cu4huA1bHrMOcMmkSlrEFof3NBw6fKARGrIp+1p6NuFw== Completed in 4ms
184 http fetch GET 200 https://registry.npmjs.org/uuid/-/uuid-3.3.2.tgz 358ms (cache miss)
185 http fetch GET 200 https://registry.npmjs.org/base64-js/-/base64-js-1.5.1.tgz 461ms (cache miss)
186 timing reifyNode:node_modules/base64-js Completed in 506ms
187 warn deprecated uuid@3.3.2: Please upgrade  to version 7 or higher.  Older versions may use Math.random() in certain circumstances, which is known to be problematic.  See https://v8.dev/blog/math-random for details.
188 timing reifyNode:node_modules/aws-sdk/node_modules/uuid Completed in 506ms
189 http fetch GET 200 https://registry.npmjs.org/ieee754/-/ieee754-1.1.13.tgz 427ms (cache miss)
190 timing reifyNode:node_modules/ieee754 Completed in 511ms
191 http fetch GET 200 https://registry.npmjs.org/xml2js/-/xml2js-0.4.19.tgz 456ms (cache miss)
192 timing reifyNode:node_modules/xml2js Completed in 516ms
193 http fetch GET 200 https://registry.npmjs.org/punycode/-/punycode-1.3.2.tgz 499ms (cache miss)
194 timing reifyNode:node_modules/punycode Completed in 521ms
195 http fetch GET 200 https://registry.npmjs.org/http-error/-/http-error-0.0.6.tgz 415ms (cache miss)
196 timing reifyNode:node_modules/http-error Completed in 523ms
197 http fetch GET 200 https://registry.npmjs.org/minimist/-/minimist-0.0.8.tgz 508ms (cache miss)
198 timing reifyNode:node_modules/minimist Completed in 532ms
199 http fetch GET 200 https://registry.npmjs.org/isarray/-/isarray-1.0.0.tgz 493ms (cache miss)
200 timing reifyNode:node_modules/isarray Completed in 535ms
201 http fetch GET 200 https://registry.npmjs.org/url/-/url-0.10.3.tgz 483ms (cache miss)
202 timing reifyNode:node_modules/url Completed in 546ms
203 http fetch GET 200 https://registry.npmjs.org/sprintf-js/-/sprintf-js-1.0.3.tgz 527ms (cache miss)
204 timing reifyNode:node_modules/sprintf-js Completed in 559ms
205 http fetch GET 200 https://registry.npmjs.org/amd-loader/-/amd-loader-0.0.8.tgz 432ms (cache miss)
206 timing reifyNode:node_modules/amd-loader Completed in 562ms
207 http fetch GET 200 https://registry.npmjs.org/sax/-/sax-1.2.1.tgz 501ms (cache miss)
208 timing reifyNode:node_modules/sax Completed in 568ms
209 timing metavuln:cache:put:security-advisory:mkdirp:Lc2BaMhbFQyQfOoA2wNrolT9cpv9waMBWc7wYt7I8fe6xepmt3do8ztXGNS+v7CPZuEXs4ntpExbgEswFDlkSg== Completed in 116ms
210 timing metavuln:calculate:security-advisory:mkdirp:OEyk29Vl0DZNVJ8kyTCTMAZcObN2QmV+lAIdXAtmN7Cu4huA1bHrMOcMmkSlrEFof3NBw6fKARGrIp+1p6NuFw== Completed in 132ms
211 timing auditReport:init Completed in 409ms
212 timing reify:audit Completed in 574ms
213 http fetch GET 200 https://registry.npmjs.org/uuid/-/uuid-3.4.0.tgz 480ms (cache miss)
214 warn deprecated uuid@3.4.0: Please upgrade  to version 7 or higher.  Older versions may use Math.random() in certain circumstances, which is known to be problematic.  See https://v8.dev/blog/math-random for details.
215 timing reifyNode:node_modules/uuid Completed in 573ms
216 http fetch GET 200 https://registry.npmjs.org/events/-/events-1.1.1.tgz 500ms (cache miss)
217 timing reifyNode:node_modules/events Completed in 586ms
218 http fetch GET 200 https://registry.npmjs.org/querystring/-/querystring-0.2.0.tgz 522ms (cache miss)
219 warn deprecated querystring@0.2.0: The querystring API is considered Legacy. new code should use the URLSearchParams API instead.
220 timing reifyNode:node_modules/querystring Completed in 592ms
221 http fetch GET 200 https://registry.npmjs.org/mkdirp/-/mkdirp-0.5.1.tgz 495ms (cache miss)
222 warn deprecated mkdirp@0.5.1: Legacy versions of mkdirp are no longer supported. Please update to mkdirp 1.x. (Note that the API surface has changed to use Promises in 1.x.)
223 timing reifyNode:node_modules/mkdirp Completed in 598ms
224 http fetch GET 200 https://registry.npmjs.org/commander/-/commander-4.1.0.tgz 499ms (cache miss)
225 timing reifyNode:node_modules/commander Completed in 610ms
226 http fetch GET 200 https://registry.npmjs.org/esprima/-/esprima-4.0.1.tgz 590ms (cache miss)
227 timing reifyNode:node_modules/esprima Completed in 625ms
228 http fetch GET 200 https://registry.npmjs.org/xmlbuilder/-/xmlbuilder-9.0.7.tgz 613ms (cache miss)
229 timing reifyNode:node_modules/xmlbuilder Completed in 631ms
230 http fetch GET 200 https://registry.npmjs.org/argparse/-/argparse-1.0.10.tgz 610ms (cache miss)
231 timing reifyNode:node_modules/argparse Completed in 648ms
232 http fetch GET 200 https://registry.npmjs.org/jmespath/-/jmespath-0.15.0.tgz 595ms (cache miss)
233 timing reifyNode:node_modules/jmespath Completed in 668ms
234 http fetch GET 200 https://registry.npmjs.org/buffer/-/buffer-4.9.1.tgz 589ms (cache miss)
235 warn deprecated buffer@4.9.1: This version of 'buffer' is out-of-date. You must update to v4.9.2 or newer
236 timing reifyNode:node_modules/buffer Completed in 678ms
237 http fetch GET 200 https://registry.npmjs.org/js-yaml/-/js-yaml-3.13.1.tgz 575ms (cache miss)
238 timing reifyNode:node_modules/js-yaml Completed in 680ms
239 http fetch GET 200 https://registry.npmjs.org/async/-/async-3.1.1.tgz 599ms (cache miss)
240 timing reifyNode:node_modules/async Completed in 726ms
241 http fetch GET 200 https://registry.npmjs.org/aws-sdk/-/aws-sdk-2.610.0.tgz 1203ms (cache miss)
242 timing reifyNode:node_modules/aws-sdk Completed in 1318ms
243 timing reify:unpack Completed in 1320ms
244 timing reify:unretire Completed in 0ms
245 timing build:queue Completed in 1ms
246 timing build:link:node_modules/aws-sdk/node_modules/uuid Completed in 2ms
247 timing build:link:node_modules/esprima Completed in 3ms
248 timing build:link:node_modules/js-yaml Completed in 3ms
249 timing build:link:node_modules/mkdirp Completed in 2ms
250 timing build:link:node_modules/uuid Completed in 2ms
251 timing build:link Completed in 3ms
252 timing build:deps Completed in 4ms
253 timing build Completed in 5ms
254 timing reify:build Completed in 5ms
255 timing reify:trash Completed in 0ms
256 timing reify:save Completed in 5ms
257 timing reify Completed in 1949ms
258 silly ADD node_modules/xmlbuilder
259 silly ADD node_modules/punycode
260 silly ADD node_modules/minimist
261 silly ADD node_modules/sprintf-js
262 silly ADD node_modules/esprima
263 silly ADD node_modules/argparse
264 silly ADD node_modules/isarray
265 silly ADD node_modules/base64-js
266 silly ADD node_modules/xml2js
267 silly ADD node_modules/url
268 silly ADD node_modules/sax
269 silly ADD node_modules/querystring
270 silly ADD node_modules/jmespath
271 silly ADD node_modules/ieee754
272 silly ADD node_modules/events
273 silly ADD node_modules/buffer
274 silly ADD node_modules/uuid
275 silly ADD node_modules/mkdirp
276 silly ADD node_modules/js-yaml
277 silly ADD node_modules/http-error
278 silly ADD node_modules/commander
279 silly ADD node_modules/aws-sdk
280 silly ADD node_modules/aws-sdk/node_modules/uuid
281 silly ADD node_modules/async
282 silly ADD node_modules/amd-loader
283 timing command:install Completed in 1976ms
284 verbose exit 0
285 timing npm Completed in 2170ms
286 info ok
